metacritic@https://hopamchuan.com/song/19628/lien-khuc-mua-thu-yeu-duong/mbtc9522@#contribute-rating-control li:nth-child(5)
metacritic@https://hopamchuan.com/song/19627/moi-tinh-bat-diet/mbtc9522@#contribute-rating-control li:nth-child(5)
metacritic@https://hopamchuan.com/song/19626/xuan-voi-doi-song-moi/mbtc9522@#contribute-rating-control li:nth-child(5)
metacritic@https://hopamchuan.com/song/20543/gap-duoc-nhau-rat-kho-demo/piano_whitekey@#contribute-rating-control li:nth-child(1)
metacritic@https://hopamchuan.com/song/22964/if/thienv@#contribute-rating-control li:nth-child(5)
metacritic@https://hopamchuan.com/song/306/tuoi-doi-menh-mong/thienv@#contribute-rating-control li:nth-child(5)
metacritic@https://hopamchuan.com/song/5444/tinh-ngheo-co-nhau/thienv@#contribute-rating-control li:nth-child(5)
metacritic@https://hopamchuan.com/song/922/hay-de-anh-yeu-em-lan-nua-vo-oi-anh-thuong-em/thienv@#contribute-rating-control li:nth-child(5)
metacritic@https://hopamchuan.com/song/5428/cu-the-mong-cho/thienv@#contribute-rating-control li:nth-child(5)
metacritic@https://hopamchuan.com/song/11080/bong-chieu-ta/thienv@#contribute-rating-control li:nth-child(5)
metacritic@https://hopamchuan.com/song/23165/mai-tim-nhau/thienv@#contribute-rating-control li:nth-child(5)
metacritic@https://hopamchuan.com/song/23141/vo-tinh-gap-co-tinh-yeu/thienv@#contribute-rating-control li:nth-child(5)
metacritic@https://hopamchuan.com/song/23138/anh-dang-o-dau-day-anh-adodda/thienv@#contribute-rating-control li:nth-child(5)
metacritic@https://hopamchuan.com/song/21135/mua-ngang-pho-vang/thienv@#contribute-rating-control li:nth-child(5)
metacritic@https://hopamchuan.com/song/23184/kiss-and-make-up/thienv@#contribute-rating-control li:nth-child(5)
metacritic@https://hopamchuan.com/song/23200/anh-ve-mien-tay/thienv@#contribute-rating-control li:nth-child(5)
metacritic@https://hopamchuan.com/song/23199/minh-ta-voi-trang-nga/thienv@#contribute-rating-control li:nth-child(5)
metacritic@https://hopamchuan.com/song/23183/lk-xom-dem-yeu-mot-minh/thienv@#contribute-rating-control li:nth-child(5)
metacritic@https://hopamchuan.com/song/3479/dau-chan-ky-niem/thienv@#contribute-rating-control li:nth-child(5)
metacritic@https://hopamchuan.com/song/4840/ru-nua-vang-trang/thienv@#contribute-rating-control li:nth-child(5)
metacritic@https://hopamchuan.com/song/23073/chang-buon-chang-khoc/thienv@#contribute-rating-control li:nth-child(5)
metacritic@https://hopamchuan.com/song/23120/mau-nuoc-mat/thienv@#contribute-rating-control li:nth-child(5)
metacritic@https://hopamchuan.com/song/23119/lonely/thienv@#contribute-rating-control li:nth-child(5)
metacritic@https://hopamchuan.com/song/23101/hat-len-ban-nhe/thienv@#contribute-rating-control li:nth-child(5)
metacritic@https://hopamchuan.com/song/23097/tinh-don-coi-2-tinh-ca-doc-than/thienv@#contribute-rating-control li:nth-child(5)
metacritic@https://hopamchuan.com/song/23096/chuc-mung-nam-moi-happy-new-year/thienv@#contribute-rating-control li:nth-child(5)
metacritic@https://hopamchuan.com/song/23095/tien-em-lan-cuoi-nguoi-tinh-van-dam-five-hundred-miles/thienv@#contribute-rating-control li:nth-child(5)
metacritic@https://hopamchuan.com/song/23090/what-luv/thienv@#contribute-rating-control li:nth-child(5)
metacritic@https://hopamchuan.com/song/2624/tinh-la-soi-to/thienv@#contribute-rating-control li:nth-child(5)
metacritic@https://hopamchuan.com/song/19290/co-le-im-lang-met-tim/thienv@#contribute-rating-control li:nth-child(5)
metacritic@https://hopamchuan.com/song/23436/nhung-ke-yeu-xa/thienv@#contribute-rating-control li:nth-child(5)
metacritic@https://hopamchuan.com/song/23426/24h-24-gio/thienv@#contribute-rating-control li:nth-child(5)
metacritic@https://hopamchuan.com/song/23401/linh-tinh/thienv@#contribute-rating-control li:nth-child(5)
metacritic@https://hopamchuan.com/song/23390/gia-vo-say-gvs/thienv@#contribute-rating-control li:nth-child(5)
metacritic@https://hopamchuan.com/song/11586/noi-thuong-nhau-thi-dung-lam-trai-tim-em-dau/thienv@#contribute-rating-control li:nth-child(5)
metacritic@https://hopamchuan.com/song/23399/ngay-o-day-ngay-luc-nay/thienv@#contribute-rating-control li:nth-child(5)
metacritic@https://hopamchuan.com/song/2580/phia-xa-trung-khoi-vi-gio-mang-anh-di/thienv@#contribute-rating-control li:nth-child(5)
metacritic@https://hopamchuan.com/song/6006/co-don-giua-cuoc-tinh/thienv@#contribute-rating-control li:nth-child(5)
metacritic@https://hopamchuan.com/song/23374/nang-tho-xu-hue/thienv@#contribute-rating-control li:nth-child(5)
metacritic@https://hopamchuan.com/song/23365/ve-nha-anh-di/thienv@#contribute-rating-control li:nth-child(5)
metacritic@https://hopamchuan.com/song/23358/thay-chua-ngu/thienv@#contribute-rating-control li:nth-child(5)
metacritic@https://hopamchuan.com/song/23357/ki-uc-trong-toi/thienv@#contribute-rating-control li:nth-child(5)
metacritic@https://hopamchuan.com/song/23353/the-christmas-song/thienv@#contribute-rating-control li:nth-child(5)
metacritic@https://hopamchuan.com/song/23351/goi-ten-thay-co-nhe/thienv@#contribute-rating-control li:nth-child(5)
metacritic@https://hopamchuan.com/song/23350/viet-cho-thay-gui-cho-co-tang-cho-tro/thienv@#contribute-rating-control li:nth-child(5)
metacritic@https://hopamchuan.com/song/30124/mashup-rapcoustic-5/laithanhhachau@#contribute-rating-control li:nth-child(5)
metacritic@https://hopamchuan.com/song/30078/nhap-chen-dang-ost-to-an-ky/laithanhhachau@#contribute-rating-control li:nth-child(5)
metacritic@https://hopamchuan.com/song/30073/van-con-co-anh/laithanhhachau@#contribute-rating-control li:nth-child(5)
metacritic@https://hopamchuan.com/song/30060/doa-sen-viet/laithanhhachau@#contribute-rating-control li:nth-child(5)
metacritic@https://hopamchuan.com/song/30057/den-roi-lai-di/laithanhhachau@#contribute-rating-control li:nth-child(5)
metacritic@https://hopamchuan.com/song/30044/into-the-unknown-frozen-2-ost/laithanhhachau@#contribute-rating-control li:nth-child(5)
metacritic@https://hopamchuan.com/song/30041/ta-on-em/laithanhhachau@#contribute-rating-control li:nth-child(5)
metacritic@https://hopamchuan.com/song/30040/can-phong-cua-anh/laithanhhachau@#contribute-rating-control li:nth-child(5)
metacritic@https://hopamchuan.com/song/30016/sah-sun-sun/laithanhhachau@#contribute-rating-control li:nth-child(5)
metacritic@https://hopamchuan.com/song/30015/dung-doi-xuan-den-gan/laithanhhachau@#contribute-rating-control li:nth-child(5)
metacritic@https://hopamchuan.com/song/30122/ngay-thu-3-cua-thang-13/laithanhhachau@#contribute-rating-control li:nth-child(5)
metacritic@https://hopamchuan.com/song/30121/co-don-vo-cung-luon-co-don-vcl/laithanhhachau@#contribute-rating-control li:nth-child(5)
metacritic@https://hopamchuan.com/song/29949/cu-di-thoi/laithanhhachau@#contribute-rating-control li:nth-child(5)
metacritic@https://hopamchuan.com/song/29947/cang-truong-thanh-cang-co-don/laithanhhachau@#contribute-rating-control li:nth-child(5)
metacritic@https://hopamchuan.com/song/29913/thay-co-oi/laithanhhachau@#contribute-rating-control li:nth-child(5)
metacritic@https://hopamchuan.com/song/29912/trai-tim-nguoi-thay/laithanhhachau@#contribute-rating-control li:nth-child(5)
metacritic@https://hopamchuan.com/song/29911/nguoi-dua-do/laithanhhachau@#contribute-rating-control li:nth-child(5)
metacritic@https://hopamchuan.com/song/29910/mot-bo-vai-khac/laithanhhachau@#contribute-rating-control li:nth-child(5)
metacritic@https://hopamchuan.com/song/29909/gurenge/laithanhhachau@#contribute-rating-control li:nth-child(5)
metacritic@https://hopamchuan.com/song/29905/qui-kinh-phat-da/laithanhhachau@#contribute-rating-control li:nth-child(5)
metacritic@https://hopamchuan.com/song/30074/doi-la-dong-song-ost-hieu-ben-tau/laithanhhachau@#contribute-rating-control li:nth-child(5)
metacritic@https://hopamchuan.com/song/29906/niem-phat-a-di-da/laithanhhachau@#contribute-rating-control li:nth-child(5)
metacritic@https://hopamchuan.com/song/29891/tet-la/laithanhhachau@#contribute-rating-control li:nth-child(5)
metacritic@https://hopamchuan.com/song/29890/nguoi-dung/laithanhhachau@#contribute-rating-control li:nth-child(5)
metacritic@https://hopamchuan.com/song/29889/tuong-chia-tay-se-vui/laithanhhachau@#contribute-rating-control li:nth-child(5)
metacritic@https://hopamchuan.com/song/29888/anh-chang-xung-dang/laithanhhachau@#contribute-rating-control li:nth-child(5)
metacritic@https://hopamchuan.com/song/29887/hao-buoc-theo-doi-hieu-ben-tau-ost/laithanhhachau@#contribute-rating-control li:nth-child(5)
metacritic@https://hopamchuan.com/song/29886/goi-la-tuong-tu/laithanhhachau@#contribute-rating-control li:nth-child(5)
metacritic@https://hopamchuan.com/song/29867/duoc-khong-anh/laithanhhachau@#contribute-rating-control li:nth-child(5)
metacritic@https://hopamchuan.com/song/29866/di-vang-phai-mau/laithanhhachau@#contribute-rating-control li:nth-child(5)
