tv_adm@https://hopamchuan.com/song/3421/sau-tim-thiep-hong/@#song-favorite-star-btn
tv_adm@https://hopamchuan.com/song/3298/ai-kho-vi-ai/@#song-favorite-star-btn
tv_adm@https://hopamchuan.com/song/9460/lai-nho-nguoi-yeu/@#song-favorite-star-btn
tv_adm@https://hopamchuan.com/song/3406/qua-con-me/@#song-favorite-star-btn
tv_adm@https://hopamchuan.com/song/5047/go-cua-trai-tim/@#song-favorite-star-btn
tv_adm@https://hopamchuan.com/song/3421/sau-tim-thiep-hong/thienv@#song-favorite-star-btn
tv_adm@https://hopamchuan.com/song/3298/ai-kho-vi-ai/thienv@#song-favorite-star-btn
tv_adm@https://hopamchuan.com/song/9460/lai-nho-nguoi-yeu/thienv@#song-favorite-star-btn
tv_adm@https://hopamchuan.com/song/3406/qua-con-me/thienv@#song-favorite-star-btn
tv_adm@https://hopamchuan.com/song/2660/tinh-lo/thienv@#song-favorite-star-btn
tv_adm@https://hopamchuan.com/song/5047/go-cua-trai-tim/thienv@#song-favorite-star-btn
tv_adm@https://hopamchuan.com/song/4095/dap-vo-cay-dan/thienv@#song-favorite-star-btn
tv_adm@https://hopamchuan.com/song/3505/sau-le-bong/thienv@#song-favorite-star-btn
tv_adm@https://hopamchuan.com/song/3403/doi-thong-hai-mo/thienv@#song-favorite-star-btn
tv_adm@https://hopamchuan.com/song/363/thanh-pho-buon/thienv@#song-favorite-star-btn
tv_adm@https://hopamchuan.com/song/3999/ve-dau-mai-toc-nguoi-thuong/thienv@#song-favorite-star-btn
tv_adm@https://hopamchuan.com/song/2081/hoa-su-nha-nang/thienv@#song-favorite-star-btn
tv_adm@https://hopamchuan.com/song/623/hoa-trinh-nu/thienvkabigon91@#song-favorite-star-btn
tv_adm@https://hopamchuan.com/song/4547/vung-la-me-bay/thienvkabigon91@#song-favorite-star-btn
tv_adm@https://hopamchuan.com/song/989/pho-dem/thienvkabigon91@#song-favorite-star-btn
tv_adm@https://hopamchuan.com/song/363/thanh-pho-buon/@#song-favorite-star-btn
tv_adm@https://hopamchuan.com/song/3999/ve-dau-mai-toc-nguoi-thuong/@#song-favorite-star-btn
tv_adm@https://hopamchuan.com/song/2081/hoa-su-nha-nang/@#song-favorite-star-btn
tv_adm@https://hopamchuan.com/song/4095/dap-vo-cay-dan/@#song-favorite-star-btn
tv_adm@https://hopamchuan.com/song/3505/sau-le-bong/@#song-favorite-star-btn
tv_adm@https://hopamchuan.com/song/2660/tinh-lo/@#song-favorite-star-btn
tv_adm@https://hopamchuan.com/song/3403/doi-thong-hai-mo/@#song-favorite-star-btn
tv_adm@https://hopamchuan.com/song/5628/late-autumn/thienv@#contribute-rating-control li:nth-child(5)
tv_adm@https://hopamchuan.com/song/833/giac-mo-ngay-xua/thienv@#contribute-rating-control li:nth-child(5)
tv_adm@https://hopamchuan.com/song/21571/oi-nguoi-dien/thienv@#contribute-rating-control li:nth-child(5)
