mbtc9522@https://hopamchuan.com/song/5628/late-autumn/thienv@#contribute-rating-control li:nth-child(5)
mbtc9522@https://hopamchuan.com/song/833/giac-mo-ngay-xua/thienv@#contribute-rating-control li:nth-child(5)
mbtc9522@https://hopamchuan.com/song/21571/oi-nguoi-dien/thienv@#contribute-rating-control li:nth-child(5)
mbtc9522@https://hopamchuan.com/song/21668/the-colors-of-vietnam/@#contribute-rating-control li:nth-child(3)
mbtc9522@https://hopamchuan.com/song/21647/ky-uc-bach-khoa/@#contribute-rating-control li:nth-child(3)
mbtc9522@https://hopamchuan.com/song/21646/la-em-do/@#contribute-rating-control li:nth-child(3)
mbtc9522@https://hopamchuan.com/song/21645/noi-ay/@#contribute-rating-control li:nth-child(3)
mbtc9522@https://hopamchuan.com/song/21643/lk-suong-lanh-chieu-dong-nguoi-ngoai-pho-hai-mua-mua/@#contribute-rating-control li:nth-child(3)
mbtc9522@https://hopamchuan.com/song/21642/mimosa/@#contribute-rating-control li:nth-child(3)
mbtc9522@https://hopamchuan.com/song/21641/tat-ca-chi-la-ky-uc-xua/@#contribute-rating-control li:nth-child(3)
mbtc9522@https://hopamchuan.com/song/21640/best-friend/@#contribute-rating-control li:nth-child(3)
mbtc9522@https://hopamchuan.com/song/21639/nam-thang-voi-va/@#contribute-rating-control li:nth-child(3)
mbtc9522@https://hopamchuan.com/song/21631/nemo/@#contribute-rating-control li:nth-child(3)
mbtc9522@https://hopamchuan.com/song/21623/em-muon-anh/@#contribute-rating-control li:nth-child(3)
mbtc9522@https://hopamchuan.com/song/21613/an-di-dung-so/@#contribute-rating-control li:nth-child(3)
mbtc9522@https://hopamchuan.com/song/21559/enemy/@#contribute-rating-control li:nth-child(3)
mbtc9522@https://hopamchuan.com/song/21528/lk-sao-em-no-voi-lay-chong-ngau-hung-ly-qua-cau/@#contribute-rating-control li:nth-child(3)
mbtc9522@https://hopamchuan.com/song/3160/trai-tim-biet-khoc/thienv@#contribute-rating-control li:nth-child(5)
mbtc9522@https://hopamchuan.com/song/21576/dung-quay-ve-nua/thienv@#contribute-rating-control li:nth-child(5)
mbtc9522@https://hopamchuan.com/song/1943/bong-hong-cai-ao/thienv@#contribute-rating-control li:nth-child(5)
mbtc9522@https://hopamchuan.com/song/21527/chut-tinh-da-quen-hoan-doi-ost/thienv@#contribute-rating-control li:nth-child(5)
mbtc9522@https://hopamchuan.com/song/21518/rain-and-tears/thienv@#contribute-rating-control li:nth-child(5)
mbtc9522@https://hopamchuan.com/song/21517/oh-carol/thienv@#contribute-rating-control li:nth-child(5)
mbtc9522@https://hopamchuan.com/song/21515/co-chut-ngot-ngao/thienv@#contribute-rating-control li:nth-child(5)
mbtc9522@https://hopamchuan.com/song/21628/con-duong-cho-em/@#contribute-rating-control li:nth-child(3)
mbtc9522@https://hopamchuan.com/song/21606/co-nu-sinh-gia-long/@#contribute-rating-control li:nth-child(3)
mbtc9522@https://hopamchuan.com/song/21605/viet-nam/@#contribute-rating-control li:nth-child(3)
mbtc9522@https://hopamchuan.com/song/21603/em-chiu-khong/@#contribute-rating-control li:nth-child(3)
mbtc9522@https://hopamchuan.com/song/21602/anh-ghet-em/@#contribute-rating-control li:nth-child(3)
mbtc9522@https://hopamchuan.com/song/21601/mua-viet-tinh-ca/@#contribute-rating-control li:nth-child(3)
mbtc9522@https://hopamchuan.com/song/21598/betrayal-of-rose/@#contribute-rating-control li:nth-child(3)
mbtc9522@https://hopamchuan.com/song/21597/mot-khi-yeu/@#contribute-rating-control li:nth-child(3)
mbtc9522@https://hopamchuan.com/song/21596/robot/@#contribute-rating-control li:nth-child(3)
mbtc9522@https://hopamchuan.com/song/21595/ben-kia-hanh-phuc/@#contribute-rating-control li:nth-child(3)
mbtc9522@https://hopamchuan.com/song/21594/fancy/@#contribute-rating-control li:nth-child(3)
mbtc9522@https://hopamchuan.com/song/21609/oceans-where-feet-may-fail/@#contribute-rating-control li:nth-child(3)
mbtc9522@https://hopamchuan.com/song/21556/ba-muoi-30/@#contribute-rating-control li:nth-child(3)
mbtc9522@https://hopamchuan.com/song/21533/ha-noi-gio-tan-tam/@#contribute-rating-control li:nth-child(3)
mbtc9522@https://hopamchuan.com/song/19068/yeu-anh-em-nhe/thienv@#contribute-rating-control li:nth-child(5)
mbtc9522@https://hopamchuan.com/song/77/a-i-a/thienv@#contribute-rating-control li:nth-child(5)
mbtc9522@https://hopamchuan.com/song/5016/mai-toi-di/thienv@#contribute-rating-control li:nth-child(5)
mbtc9522@https://hopamchuan.com/song/1207/hay-ve-voi-em-hay-ve-voi-anh/thienv@#contribute-rating-control li:nth-child(5)
mbtc9522@https://hopamchuan.com/song/20274/bai-ca-tuyen-phi-cong-gai-gia-tuyen-phi-cong/thienv@#contribute-rating-control li:nth-child(5)
mbtc9522@https://hopamchuan.com/song/21823/di-yeu-tin-dyt/thienv@#contribute-rating-control li:nth-child(5)
mbtc9522@https://hopamchuan.com/song/21793/minh-chia-tay-di/thienv@#contribute-rating-control li:nth-child(5)
mbtc9522@https://hopamchuan.com/song/21781/anh-no-tinh-em-mot-diu-dang/thienv@#contribute-rating-control li:nth-child(5)
mbtc9522@https://hopamchuan.com/song/2502/ruoc-den-thang-tam/thienv@#contribute-rating-control li:nth-child(5)
mbtc9522@https://hopamchuan.com/song/21731/dap-vo-cay-dan-2/thienv@#contribute-rating-control li:nth-child(5)
mbtc9522@https://hopamchuan.com/song/1796/con-gio-mua-he/thienv@#contribute-rating-control li:nth-child(5)
mbtc9522@https://hopamchuan.com/song/1933/dan-ba/thienv@#contribute-rating-control li:nth-child(5)
mbtc9522@https://hopamchuan.com/song/6462/den-khuya/thienv@#contribute-rating-control li:nth-child(5)
mbtc9522@https://hopamchuan.com/song/5192/duyen-kiep/thienv@#contribute-rating-control li:nth-child(5)
mbtc9522@https://hopamchuan.com/song/22271/bien-tuyet/thienv@#contribute-rating-control li:nth-child(5)
mbtc9522@https://hopamchuan.com/song/22247/vo-tinh/thienv@#contribute-rating-control li:nth-child(5)
mbtc9522@https://hopamchuan.com/song/22239/cang-niu-giu-cang-de-mat/thienv@#contribute-rating-control li:nth-child(5)
mbtc9522@https://hopamchuan.com/song/22237/giac-mo-dem-ram/thienv@#contribute-rating-control li:nth-child(5)
mbtc9522@https://hopamchuan.com/song/22228/happier/thienv@#contribute-rating-control li:nth-child(5)
mbtc9522@https://hopamchuan.com/song/22175/trai-tim-lanh/thienv@#contribute-rating-control li:nth-child(5)
mbtc9522@https://hopamchuan.com/song/22174/this-feeling/thienv@#contribute-rating-control li:nth-child(5)
mbtc9522@https://hopamchuan.com/song/22166/khong-the-thay-the/thienv@#contribute-rating-control li:nth-child(5)
mbtc9522@https://hopamchuan.com/song/3549/ruoc-tinh-ve-voi-que-huong/thienv@#contribute-rating-control li:nth-child(5)
mbtc9522@https://hopamchuan.com/song/10809/tinh-ca-tren-lua-tren-dong-lua-vang/thienv@#contribute-rating-control li:nth-child(5)
mbtc9522@https://hopamchuan.com/song/8304/tan-trong-mua-bay/thienv@#contribute-rating-control li:nth-child(5)
mbtc9522@https://hopamchuan.com/song/9774/hai-chung-ta/thienv@#contribute-rating-control li:nth-child(5)
mbtc9522@https://hopamchuan.com/song/22396/lost-in-japan/thienv@#contribute-rating-control li:nth-child(5)
mbtc9522@https://hopamchuan.com/song/980/o-hai-dau-noi-nho/thienv@#contribute-rating-control li:nth-child(5)
mbtc9522@https://hopamchuan.com/song/2606/chuyen-tinh-nguoi-trinh-nu-ten-thi-chuyen-tinh-nang-trinh-nu-ten-thi/thienv@#contribute-rating-control li:nth-child(5)
mbtc9522@https://hopamchuan.com/song/22944/de-anh-mot-minh/thienv@#contribute-rating-control li:nth-child(5)
mbtc9522@https://hopamchuan.com/song/3058/tinh-thu-cua-linh/thienv@#contribute-rating-control li:nth-child(5)
mbtc9522@https://hopamchuan.com/song/12148/quen-nhau-tren-duong-ve/thienv@#contribute-rating-control li:nth-child(5)
mbtc9522@https://hopamchuan.com/song/4001/du-am-mua-giang-sinh/thienv@#contribute-rating-control li:nth-child(5)
mbtc9522@https://hopamchuan.com/song/210/linh-hon-tuong-da/thienv@#contribute-rating-control li:nth-child(5)
mbtc9522@https://hopamchuan.com/song/767/beautiful-sunday/thienv@#contribute-rating-control li:nth-child(5)
mbtc9522@https://hopamchuan.com/song/1444/mua-thu-khong-tro-lai/thienv@#contribute-rating-control li:nth-child(5)
mbtc9522@https://hopamchuan.com/song/22949/bo-vo/thienv@#contribute-rating-control li:nth-child(5)
mbtc9522@https://hopamchuan.com/song/1616/mot-lan-cuoi/thienv@#contribute-rating-control li:nth-child(5)
mbtc9522@https://hopamchuan.com/song/900/noi-anh-gap-em-noi-em-gap-anh/thienv@#contribute-rating-control li:nth-child(5)
mbtc9522@https://hopamchuan.com/song/22889/chap-nhan-roi-bo-2/thienv@#contribute-rating-control li:nth-child(5)
mbtc9522@https://hopamchuan.com/song/301/diem-xua/thienv@#contribute-rating-control li:nth-child(5)
mbtc9522@https://hopamchuan.com/song/22985/ve-thoi/thienv@#contribute-rating-control li:nth-child(5)
mbtc9522@https://hopamchuan.com/song/22950/california-dreamin/thienv@#contribute-rating-control li:nth-child(5)
mbtc9522@https://hopamchuan.com/song/22934/i-don-t-care/thienv@#contribute-rating-control li:nth-child(5)
mbtc9522@https://hopamchuan.com/song/4670/ngan-nam-van-doi/thienv@#contribute-rating-control li:nth-child(5)
