vnhv2018@https://hopamchuan.com/song/30435/la-xa-lia-canh/ndn1999@#contribute-rating-control li:nth-child(5)
vnhv2018@https://hopamchuan.com/song/30342/banh-mi-khong/ndn1999@#contribute-rating-control li:nth-child(5)
vnhv2018@https://hopamchuan.com/song/30271/em-chua-giau-anh-dieu-gi/ndn1999@#contribute-rating-control li:nth-child(5)
vnhv2018@https://hopamchuan.com/song/30177/phia-sau-luon-la-anh/ndn1999@#contribute-rating-control li:nth-child(5)
vnhv2018@https://hopamchuan.com/song/30155/holly-jolly-christmas/ndn1999@#contribute-rating-control li:nth-child(5)
vnhv2018@https://hopamchuan.com/song/30154/it-s-beginning-to-look-a-lot-like-christmas/ndn1999@#contribute-rating-control li:nth-child(5)
vnhv2018@https://hopamchuan.com/song/30137/dieu-buon-nhat-khi-yeu/ndn1999@#contribute-rating-control li:nth-child(5)
vnhv2018@https://hopamchuan.com/song/30084/thuan-theo-y-troi/ndn1999@#contribute-rating-control li:nth-child(5)
vnhv2018@https://hopamchuan.com/song/30083/yeu-dung-the/ndn1999@#contribute-rating-control li:nth-child(5)
vnhv2018@https://hopamchuan.com/song/30029/doi-theo/ndn1999@#contribute-rating-control li:nth-child(5)
vnhv2018@https://hopamchuan.com/song/30028/anh-dau-dinh-khoc/ndn1999@#contribute-rating-control li:nth-child(5)
vnhv2018@https://hopamchuan.com/song/30024/anh-phai-lam-sao/ndn1999@#contribute-rating-control li:nth-child(5)
vnhv2018@https://hopamchuan.com/song/30021/het-that-roi/ndn1999@#contribute-rating-control li:nth-child(5)
vnhv2018@https://hopamchuan.com/song/30013/vo-tan/ndn1999@#contribute-rating-control li:nth-child(5)
vnhv2018@https://hopamchuan.com/song/29935/co-nhu-khong-co/ndn1999@#contribute-rating-control li:nth-child(5)
vnhv2018@https://hopamchuan.com/song/29930/dau-chiu-ngoi-im/ndn1999@#contribute-rating-control li:nth-child(5)
vnhv2018@https://hopamchuan.com/song/29910/mot-bo-vai-khac/ndn1999@#contribute-rating-control li:nth-child(5)
vnhv2018@https://hopamchuan.com/song/29903/lam-moi-toi-nam-khong/ndn1999@#contribute-rating-control li:nth-child(5)
vnhv2018@https://hopamchuan.com/song/29896/nguoi-thu-ba/ndn1999@#contribute-rating-control li:nth-child(5)
vnhv2018@https://hopamchuan.com/song/29830/giay-tiep-theo-yeu-em-tu-cai-nhin-dau-tien-ost/ndn1999@#contribute-rating-control li:nth-child(5)
vnhv2018@https://hopamchuan.com/song/29789/can-we-kiss-forever/ndn1999@#contribute-rating-control li:nth-child(5)
vnhv2018@https://hopamchuan.com/song/29759/moi-khi-toi-buon/ndn1999@#contribute-rating-control li:nth-child(5)
vnhv2018@https://hopamchuan.com/song/29722/rat-buon/ndn1999@#contribute-rating-control li:nth-child(5)
vnhv2018@https://hopamchuan.com/song/29717/anh-em-chan-chinh-aecc/ndn1999@#contribute-rating-control li:nth-child(5)
vnhv2018@https://hopamchuan.com/song/29705/vi-yeu-cu-dam-dau/ndn1999@#contribute-rating-control li:nth-child(5)
vnhv2018@https://hopamchuan.com/song/30478/lang-lieu-hau-truyen-ost/vokaanhduy@#contribute-rating-control li:nth-child(1)
vnhv2018@https://hopamchuan.com/song/30456/hold-me-tight/vokaanhduy@#contribute-rating-control li:nth-child(1)
vnhv2018@https://hopamchuan.com/song/30454/only-you/vokaanhduy@#contribute-rating-control li:nth-child(1)
vnhv2018@https://hopamchuan.com/song/30346/het-yeu-that-sao-let-me-love-you/vokaanhduy@#contribute-rating-control li:nth-child(1)
vnhv2018@https://hopamchuan.com/song/30345/em-mot-minh-quen-roi/vokaanhduy@#contribute-rating-control li:nth-child(1)
vnhv2018@https://hopamchuan.com/song/30337/woohoo/vokaanhduy@#contribute-rating-control li:nth-child(1)
vnhv2018@https://hopamchuan.com/song/30336/i-m-gonna-be-a-star/vokaanhduy@#contribute-rating-control li:nth-child(1)
vnhv2018@https://hopamchuan.com/song/30334/my-headphone-on/vokaanhduy@#contribute-rating-control li:nth-child(1)
vnhv2018@https://hopamchuan.com/song/30309/candy-boy/vokaanhduy@#contribute-rating-control li:nth-child(1)
vnhv2018@https://hopamchuan.com/song/30305/gio-wind/vokaanhduy@#contribute-rating-control li:nth-child(1)
vnhv2018@https://hopamchuan.com/song/30294/sao-chang-phai-la-anh/vokaanhduy@#contribute-rating-control li:nth-child(1)
vnhv2018@https://hopamchuan.com/song/30270/chuyen-tinh-yeu-xa/vokaanhduy@#contribute-rating-control li:nth-child(1)
vnhv2018@https://hopamchuan.com/song/30269/vi-sao-anh-co-giau/vokaanhduy@#contribute-rating-control li:nth-child(1)
vnhv2018@https://hopamchuan.com/song/30230/one-in-a-million/vokaanhduy@#contribute-rating-control li:nth-child(1)
vnhv2018@https://hopamchuan.com/song/962/ngan-thu-ao-tim/vokaanhduy@#contribute-rating-control li:nth-child(1)
vnhv2018@https://hopamchuan.com/song/30184/hoi-tham-how-are-you/vokaanhduy@#contribute-rating-control li:nth-child(1)
vnhv2018@https://hopamchuan.com/song/30158/the-old-you/vokaanhduy@#contribute-rating-control li:nth-child(1)
vnhv2018@https://hopamchuan.com/song/30137/dieu-buon-nhat-khi-yeu/vokaanhduy@#contribute-rating-control li:nth-child(1)
vnhv2018@https://hopamchuan.com/song/30132/chia-tay/vokaanhduy@#contribute-rating-control li:nth-child(1)
vnhv2018@https://hopamchuan.com/song/30129/anh-a/vokaanhduy@#contribute-rating-control li:nth-child(1)
vnhv2018@https://hopamchuan.com/song/30111/nicolas-et-marjolaine/vokaanhduy@#contribute-rating-control li:nth-child(1)
vnhv2018@https://hopamchuan.com/song/30110/when-i-need-you/vokaanhduy@#contribute-rating-control li:nth-child(1)
vnhv2018@https://hopamchuan.com/song/30109/hip/vokaanhduy@#contribute-rating-control li:nth-child(1)
vnhv2018@https://hopamchuan.com/song/30108/roi-minh-se-gap-nhau/vokaanhduy@#contribute-rating-control li:nth-child(1)
vnhv2018@https://hopamchuan.com/song/30107/tet-ve-som-nhe-di-de-tro-ve-4/vokaanhduy@#contribute-rating-control li:nth-child(1)
vnhv2018@https://hopamchuan.com/song/30537/tu-do-ost-mat-biec/hoang07542525@#contribute-rating-control li:nth-child(5)
vnhv2018@https://hopamchuan.com/song/21014/paris-in-the-rain/hoang07542525@#contribute-rating-control li:nth-child(5)
