ceenee@https://hopamchuan.com/song/20543/gap-duoc-nhau-rat-kho-demo/piano_whitekey@#contribute-rating-control li:nth-child(1)
ceenee@https://hopamchuan.com/song/3549/ruoc-tinh-ve-voi-que-huong/thienv@#contribute-rating-control li:nth-child(5)
ceenee@https://hopamchuan.com/song/10809/tinh-ca-tren-lua-tren-dong-lua-vang/thienv@#contribute-rating-control li:nth-child(5)
ceenee@https://hopamchuan.com/song/8304/tan-trong-mua-bay/thienv@#contribute-rating-control li:nth-child(5)
ceenee@https://hopamchuan.com/song/9774/hai-chung-ta/thienv@#contribute-rating-control li:nth-child(5)
ceenee@https://hopamchuan.com/song/980/o-hai-dau-noi-nho/thienv@#contribute-rating-control li:nth-child(5)
ceenee@https://hopamchuan.com/song/2606/chuyen-tinh-nguoi-trinh-nu-ten-thi-chuyen-tinh-nang-trinh-nu-ten-thi/thienv@#contribute-rating-control li:nth-child(5)
ceenee@https://hopamchuan.com/song/22985/ve-thoi/thienv@#contribute-rating-control li:nth-child(5)
ceenee@https://hopamchuan.com/song/22944/de-anh-mot-minh/thienv@#contribute-rating-control li:nth-child(5)
ceenee@https://hopamchuan.com/song/3058/tinh-thu-cua-linh/thienv@#contribute-rating-control li:nth-child(5)
ceenee@https://hopamchuan.com/song/12148/quen-nhau-tren-duong-ve/thienv@#contribute-rating-control li:nth-child(5)
ceenee@https://hopamchuan.com/song/4001/du-am-mua-giang-sinh/thienv@#contribute-rating-control li:nth-child(5)
ceenee@https://hopamchuan.com/song/210/linh-hon-tuong-da/thienv@#contribute-rating-control li:nth-child(5)
ceenee@https://hopamchuan.com/song/22950/california-dreamin/thienv@#contribute-rating-control li:nth-child(5)
ceenee@https://hopamchuan.com/song/767/beautiful-sunday/thienv@#contribute-rating-control li:nth-child(5)
ceenee@https://hopamchuan.com/song/1444/mua-thu-khong-tro-lai/thienv@#contribute-rating-control li:nth-child(5)
ceenee@https://hopamchuan.com/song/22949/bo-vo/thienv@#contribute-rating-control li:nth-child(5)
ceenee@https://hopamchuan.com/song/22948/ki-niem/thienv@#contribute-rating-control li:nth-child(5)
ceenee@https://hopamchuan.com/song/22945/chap-nhan/thienv@#contribute-rating-control li:nth-child(5)
ceenee@https://hopamchuan.com/song/1616/mot-lan-cuoi/thienv@#contribute-rating-control li:nth-child(5)
ceenee@https://hopamchuan.com/song/900/noi-anh-gap-em-noi-em-gap-anh/thienv@#contribute-rating-control li:nth-child(5)
ceenee@https://hopamchuan.com/song/22935/nuoc-mat-con-trai/thienv@#contribute-rating-control li:nth-child(5)
ceenee@https://hopamchuan.com/song/22934/i-don-t-care/thienv@#contribute-rating-control li:nth-child(5)
ceenee@https://hopamchuan.com/song/18130/anh-chua-tung-biet-you-never-know/thienv@#contribute-rating-control li:nth-child(5)
ceenee@https://hopamchuan.com/song/22957/you-re-a-woman-you-re-a-woman-i-m-a-man/thienv@#contribute-rating-control li:nth-child(5)
ceenee@https://hopamchuan.com/song/22889/chap-nhan-roi-bo-2/thienv@#contribute-rating-control li:nth-child(5)
ceenee@https://hopamchuan.com/song/22927/khi-anh-ben-em/thienv@#contribute-rating-control li:nth-child(5)
ceenee@https://hopamchuan.com/song/22926/khi-em-la-co-ay/thienv@#contribute-rating-control li:nth-child(5)
ceenee@https://hopamchuan.com/song/23076/thang-muoi-ba/thienv@#contribute-rating-control li:nth-child(5)
ceenee@https://hopamchuan.com/song/23065/thank-u-next/thienv@#contribute-rating-control li:nth-child(5)
ceenee@https://hopamchuan.com/song/3479/dau-chan-ky-niem/thienv@#contribute-rating-control li:nth-child(5)
ceenee@https://hopamchuan.com/song/4840/ru-nua-vang-trang/thienv@#contribute-rating-control li:nth-child(5)
ceenee@https://hopamchuan.com/song/23067/machine/thienv@#contribute-rating-control li:nth-child(5)
ceenee@https://hopamchuan.com/song/23066/party-for-one/thienv@#contribute-rating-control li:nth-child(5)
ceenee@https://hopamchuan.com/song/10961/tim-ten-anh-tren-bo-cat-tim-ten-em-tren-bo-cat/thienv@#contribute-rating-control li:nth-child(5)
ceenee@https://hopamchuan.com/song/7994/con-duong-viet-nam/thienv@#contribute-rating-control li:nth-child(5)
ceenee@https://hopamchuan.com/song/5182/neu-anh-dung-hen/thienv@#contribute-rating-control li:nth-child(5)
ceenee@https://hopamchuan.com/song/23668/gap-lai-nhau/thienv@#contribute-rating-control li:nth-child(5)
ceenee@https://hopamchuan.com/song/4553/hai-ky-niem-mot-chuyen-di/thienv@#contribute-rating-control li:nth-child(5)
ceenee@https://hopamchuan.com/song/23670/let-it-go/thienv@#contribute-rating-control li:nth-child(5)
ceenee@https://hopamchuan.com/song/23666/neu-ta-nguoc-loi/thienv@#contribute-rating-control li:nth-child(5)
ceenee@https://hopamchuan.com/song/23652/co-mot-ngay-mua-nhu-the/thienv@#contribute-rating-control li:nth-child(5)
ceenee@https://hopamchuan.com/song/23640/tuyet-nhiet-doi/thienv@#contribute-rating-control li:nth-child(5)
ceenee@https://hopamchuan.com/song/23637/em-con-lai-gi/thienv@#contribute-rating-control li:nth-child(5)
ceenee@https://hopamchuan.com/song/23677/lang-tham-xuong-13-ost/thienv@#contribute-rating-control li:nth-child(5)
ceenee@https://hopamchuan.com/song/23633/adagio/thienv@#contribute-rating-control li:nth-child(5)
ceenee@https://hopamchuan.com/song/23628/phieu-vi-thanh-xuan/thienv@#contribute-rating-control li:nth-child(5)
ceenee@https://hopamchuan.com/song/23613/nguoi-con-gai-ay/thienv@#contribute-rating-control li:nth-child(5)
ceenee@https://hopamchuan.com/song/23612/hay-om-em-mot-luc-di-anh/thienv@#contribute-rating-control li:nth-child(5)
ceenee@https://hopamchuan.com/song/23611/take-me-hand/thienv@#contribute-rating-control li:nth-child(5)
ceenee@https://hopamchuan.com/song/23728/thang-hoa-cung-u23/thienv@#contribute-rating-control li:nth-child(5)
ceenee@https://hopamchuan.com/song/23727/viet-nam-viet-nam-oi/thienv@#contribute-rating-control li:nth-child(5)
ceenee@https://hopamchuan.com/song/23709/mashup-bai-thanh-ca-buon-hai-mua-noel/thienv@#contribute-rating-control li:nth-child(5)
ceenee@https://hopamchuan.com/song/23337/anh-co-nguoi-yeu-chua/thienv@#contribute-rating-control li:nth-child(5)
ceenee@https://hopamchuan.com/song/21621/co-nhung-giac-mo/thienv@#contribute-rating-control li:nth-child(5)
ceenee@https://hopamchuan.com/song/23803/24h/thienv@#contribute-rating-control li:nth-child(5)
ceenee@https://hopamchuan.com/song/23775/boom-shakalaka-gai-gia-lam-chieu-2-ost/thienv@#contribute-rating-control li:nth-child(5)
ceenee@https://hopamchuan.com/song/23768/anh-van-hy-vong/thienv@#contribute-rating-control li:nth-child(5)
ceenee@https://hopamchuan.com/song/10670/nu-hon-cuoi-cung/thienv@#contribute-rating-control li:nth-child(5)
ceenee@https://hopamchuan.com/song/24166/bai-hat-cua-bom/thienv@#contribute-rating-control li:nth-child(5)
ceenee@https://hopamchuan.com/song/24146/yeu-em-dai-kho/thienv@#contribute-rating-control li:nth-child(5)
ceenee@https://hopamchuan.com/song/24143/y-xuan-hoa-hop/thienv@#contribute-rating-control li:nth-child(5)
ceenee@https://hopamchuan.com/song/6157/can-t-take-my-eyes-off-you/thienv@#contribute-rating-control li:nth-child(5)
ceenee@https://hopamchuan.com/song/24126/anh-da-mat-co-hoi-roi-day/thienv@#contribute-rating-control li:nth-child(5)
ceenee@https://hopamchuan.com/song/24125/moi-khac-gan-ben/thienv@#contribute-rating-control li:nth-child(5)
ceenee@https://hopamchuan.com/song/24124/mashup-can-lam-day-anh-dang-o-dau-day-anh-mau-nuoc-mat/thienv@#contribute-rating-control li:nth-child(5)
ceenee@https://hopamchuan.com/song/24114/8-ngan-800-dam-yeu/thienv@#contribute-rating-control li:nth-child(5)
ceenee@https://hopamchuan.com/song/24110/gui-em-cua-qua-khu-gecqk/thienv@#contribute-rating-control li:nth-child(5)
ceenee@https://hopamchuan.com/song/24105/loi-o-noi-anh/thienv@#contribute-rating-control li:nth-child(5)
ceenee@https://hopamchuan.com/song/24104/robot-khong-co-tinh/thienv@#contribute-rating-control li:nth-child(5)
ceenee@https://hopamchuan.com/song/24103/nuoc-mat-khong-biet-noi-doi/thienv@#contribute-rating-control li:nth-child(5)
ceenee@https://hopamchuan.com/song/24102/chi-vi-yeu-em/thienv@#contribute-rating-control li:nth-child(5)
